<?xml version="1.0" encoding="UTF-8"?>
<testng-results skipped="0" failed="0" ignored="0" total="3" passed="3">
  <reporter-output>
  </reporter-output>
  <suite name="Innovation Agile Tests" duration-ms="339" started-at="2019-12-14T15:57:27Z" finished-at="2019-12-14T15:57:27Z">
    <groups>
    </groups>
    <test name="Regression" duration-ms="339" started-at="2019-12-14T15:57:27Z" finished-at="2019-12-14T15:57:27Z">
      <class name="tests.SignOutTest">
        <test-method status="PASS" signature="test10()[pri:0, instance:tests.SignOutTest@1936f0f5]" name="test10" duration-ms="15" started-at="2019-12-14T15:57:27Z" finished-at="2019-12-14T15:57:27Z">
          <reporter-output>
          </reporter-output>
        </test-method> <!-- test10 -->
        <test-method status="PASS" signature="test20()[pri:0, instance:tests.SignOutTest@1936f0f5]" name="test20" duration-ms="1" started-at="2019-12-14T15:57:27Z" finished-at="2019-12-14T15:57:27Z">
          <reporter-output>
          </reporter-output>
        </test-method> <!-- test20 -->
        <test-method status="PASS" signature="test30()[pri:0, instance:tests.SignOutTest@1936f0f5]" name="test30" duration-ms="1" started-at="2019-12-14T15:57:27Z" finished-at="2019-12-14T15:57:27Z">
          <reporter-output>
          </reporter-output>
        </test-method> <!-- test30 -->
      </class> <!-- tests.SignOutTest -->
    </test> <!-- Regression -->
  </suite> <!-- Innovation Agile Tests -->
</testng-results>
